2025-04-19 14:34:37:3437 [32minfo[39m: [32mBackend Nodejs App listening on port 8080[39m
2025-04-19 14:34:55:3455 [32minfo[39m: [32mBackend Nodejs App listening on port 8080[39m
2025-04-19 14:35:28:3528 [32minfo[39m: [32mBackend Nodejs App listening on port 8080[39m
2025-04-19 14:35:31:3531 [32minfo[39m: [32mBackend Nodejs App listening on port 8080[39m
2025-04-19 14:35:33:3533 [32minfo[39m: [32mBackend Nodejs App listening on port 8080[39m
2025-04-19 14:35:34:3534 [32minfo[39m: [32mBackend Nodejs App listening on port 8080[39m
2025-04-19 14:35:36:3536 [32minfo[39m: [32mBackend Nodejs App listening on port 8080[39m
2025-04-19 14:35:37:3537 [32minfo[39m: [32mBackend Nodejs App listening on port 8080[39m
2025-04-19 14:35:38:3538 [32minfo[39m: [32mBackend Nodejs App listening on port 8080[39m
2025-04-19 14:37:19:3719 [32minfo[39m: [32mBackend Nodejs App listening on port 8080[39m
2025-04-19 14:38:11:3811 [35mhttp[39m: [35mGET /product[39m
2025-04-19 14:38:11:3811 [35mhttp[39m: [35mGET /category[39m
2025-04-19 14:38:19:3819 [35mhttp[39m: [35mGET /category[39m
2025-04-19 14:38:19:3819 [35mhttp[39m: [35mGET /product[39m
2025-04-19 14:38:29:3829 [35mhttp[39m: [35mGET /category[39m
2025-04-19 14:38:29:3829 [35mhttp[39m: [35mGET /product[39m
2025-04-19 14:38:35:3835 [35mhttp[39m: [35mGET /product/category/68006db067f458e107c77093[39m
2025-04-19 14:38:44:3844 [35mhttp[39m: [35mGET /category[39m
2025-04-19 14:38:44:3844 [35mhttp[39m: [35mGET /category[39m
2025-04-19 14:38:45:3845 [35mhttp[39m: [35mGET /product/category/68006db067f458e107c77093[39m
2025-04-19 14:38:45:3845 [35mhttp[39m: [35mGET /product[39m
2025-04-19 14:38:50:3850 [35mhttp[39m: [35mGET /product/category/68006d9767f458e107c77091[39m
2025-04-19 14:38:51:3851 [35mhttp[39m: [35mGET /category[39m
2025-04-19 14:38:51:3851 [35mhttp[39m: [35mGET /category[39m
2025-04-19 14:39:04:394 [35mhttp[39m: [35mGET /product[39m
2025-04-19 14:39:04:394 [35mhttp[39m: [35mGET /product[39m
2025-04-19 14:39:04:394 [35mhttp[39m: [35mGET /product[39m
2025-04-19 14:39:27:3927 [35mhttp[39m: [35mGET /product[39m
2025-04-19 14:39:27:3927 [35mhttp[39m: [35mGET /product/category/68006d9767f458e107c77091[39m
2025-04-19 14:39:27:3927 [35mhttp[39m: [35mGET /product[39m
2025-04-19 14:39:27:3927 [35mhttp[39m: [35mGET /product[39m
2025-04-19 14:39:27:3927 [35mhttp[39m: [35mGET /product[39m
2025-04-19 14:39:27:3927 [35mhttp[39m: [35mGET /product[39m
2025-04-19 14:40:09:409 [35mhttp[39m: [35mGET /product[39m
2025-04-19 14:40:09:409 [35mhttp[39m: [35mGET /product[39m
2025-04-19 14:40:09:409 [35mhttp[39m: [35mGET /category[39m
2025-04-19 14:40:09:409 [35mhttp[39m: [35mGET /product[39m
2025-04-19 14:40:09:409 [35mhttp[39m: [35mGET /category[39m
2025-04-19 14:40:15:4015 [35mhttp[39m: [35mGET /categories[39m
2025-04-19 14:40:22:4022 [35mhttp[39m: [35mGET /category[39m
2025-04-19 14:40:22:4022 [35mhttp[39m: [35mGET /favicon.ico[39m
2025-04-19 14:40:26:4026 [35mhttp[39m: [35mGET /products[39m
2025-04-19 14:40:29:4029 [35mhttp[39m: [35mGET /product[39m
2025-04-19 14:40:29:4029 [35mhttp[39m: [35mGET /product[39m
2025-04-19 14:40:29:4029 [35mhttp[39m: [35mGET /product[39m
2025-04-19 14:40:32:4032 [35mhttp[39m: [35mGET /products[39m
2025-04-19 14:40:52:4052 [35mhttp[39m: [35mGET /product[39m
2025-04-19 14:40:52:4052 [35mhttp[39m: [35mGET /product[39m
2025-04-19 14:40:52:4052 [35mhttp[39m: [35mGET /product[39m
2025-04-19 14:41:15:4115 [35mhttp[39m: [35mGET /product[39m
2025-04-19 14:42:20:4220 [35mhttp[39m: [35mGET /product[39m
2025-04-19 14:42:22:4222 [35mhttp[39m: [35mGET /category[39m
2025-04-19 14:42:22:4222 [35mhttp[39m: [35mGET /category[39m
2025-04-19 14:42:26:4226 [35mhttp[39m: [35mGET /category[39m
2025-04-19 14:42:26:4226 [35mhttp[39m: [35mGET /product[39m
2025-04-19 14:42:30:4230 [32minfo[39m: [32mBackend Nodejs App listening on port 8080[39m
2025-04-19 14:42:31:4231 [35mhttp[39m: [35mGET /product[39m
2025-04-19 14:42:41:4241 [35mhttp[39m: [35mGET /product[39m
2025-04-19 14:42:45:4245 [32minfo[39m: [32mBackend Nodejs App listening on port 8080[39m
2025-04-19 14:42:46:4246 [35mhttp[39m: [35mGET /product[39m
2025-04-19 14:42:51:4251 [35mhttp[39m: [35mGET /product[39m
2025-04-19 14:42:56:4256 [32minfo[39m: [32mBackend Nodejs App listening on port 8080[39m
2025-04-19 14:42:56:4256 [35mhttp[39m: [35mGET /product[39m
2025-04-19 14:42:58:4258 [32minfo[39m: [32mBackend Nodejs App listening on port 8080[39m
2025-04-19 14:43:02:432 [35mhttp[39m: [35mGET /product[39m
2025-04-19 14:43:10:4310 [35mhttp[39m: [35mGET /product[39m
2025-04-19 14:43:21:4321 [35mhttp[39m: [35mGET /category[39m
2025-04-19 14:43:21:4321 [35mhttp[39m: [35mGET /category[39m
2025-04-19 14:43:30:4330 [35mhttp[39m: [35mGET /category[39m
2025-04-19 14:43:42:4342 [35mhttp[39m: [35mGET /product[39m
2025-04-19 14:43:50:4350 [35mhttp[39m: [35mGET /product[39m
2025-04-19 14:44:12:4412 [35mhttp[39m: [35mGET /product[39m
2025-04-19 14:44:12:4412 [35mhttp[39m: [35mGET /product[39m
2025-04-19 14:44:28:4428 [32minfo[39m: [32mBackend Nodejs App listening on port 8080[39m
2025-04-19 14:44:41:4441 [32minfo[39m: [32mBackend Nodejs App listening on port 8080[39m
2025-04-19 14:44:47:4447 [32minfo[39m: [32mBackend Nodejs App listening on port 8080[39m
2025-04-19 14:44:49:4449 [32minfo[39m: [32mBackend Nodejs App listening on port 8080[39m
2025-04-19 14:44:53:4453 [35mhttp[39m: [35mGET /product[39m
2025-04-19 14:44:59:4459 [32minfo[39m: [32mBackend Nodejs App listening on port 8080[39m
2025-04-19 14:45:07:457 [35mhttp[39m: [35mGET /product[39m
2025-04-19 14:45:09:459 [35mhttp[39m: [35mGET /category[39m
2025-04-19 14:45:09:459 [35mhttp[39m: [35mGET /product[39m
2025-04-19 14:45:09:459 [35mhttp[39m: [35mGET /product[39m
2025-04-19 14:45:09:459 [35mhttp[39m: [35mGET /category[39m
2025-04-19 14:45:09:459 [35mhttp[39m: [35mGET /product[39m
2025-04-19 14:45:09:459 [35mhttp[39m: [35mGET /product[39m
2025-04-19 14:45:25:4525 [35mhttp[39m: [35mGET /category[39m
2025-04-19 14:45:25:4525 [35mhttp[39m: [35mGET /product[39m
2025-04-19 14:45:26:4526 [35mhttp[39m: [35mGET /product[39m
2025-04-19 14:45:31:4531 [35mhttp[39m: [35mGET /product/category/68006d9767f458e107c77091[39m
2025-04-19 14:45:31:4531 [35mhttp[39m: [35mGET /product/category/68006d9767f458e107c77091[39m
2025-04-19 14:45:33:4533 [35mhttp[39m: [35mGET /category[39m
2025-04-19 14:45:33:4533 [35mhttp[39m: [35mGET /product[39m
2025-04-19 14:45:33:4533 [35mhttp[39m: [35mGET /product[39m
2025-04-19 14:45:33:4533 [35mhttp[39m: [35mGET /category[39m
2025-04-19 14:45:33:4533 [35mhttp[39m: [35mGET /product[39m
2025-04-19 14:45:33:4533 [35mhttp[39m: [35mGET /product[39m
2025-04-19 14:45:34:4534 [35mhttp[39m: [35mGET /product/category/68006db067f458e107c77093[39m
2025-04-19 14:45:34:4534 [35mhttp[39m: [35mGET /product/category/68006db067f458e107c77093[39m
2025-04-19 14:45:36:4536 [35mhttp[39m: [35mGET /product[39m
2025-04-19 14:45:36:4536 [35mhttp[39m: [35mGET /category[39m
2025-04-19 14:45:36:4536 [35mhttp[39m: [35mGET /product[39m
2025-04-19 14:45:36:4536 [35mhttp[39m: [35mGET /category[39m
2025-04-19 14:45:36:4536 [35mhttp[39m: [35mGET /product[39m
2025-04-19 14:45:36:4536 [35mhttp[39m: [35mGET /product[39m
2025-04-19 14:45:44:4544 [35mhttp[39m: [35mGET /category[39m
2025-04-19 14:45:44:4544 [35mhttp[39m: [35mGET /product[39m
2025-04-19 14:45:44:4544 [35mhttp[39m: [35mGET /product[39m
2025-04-19 14:47:02:472 [32minfo[39m: [32mBackend Nodejs App listening on port 8080[39m
2025-04-19 14:47:04:474 [32minfo[39m: [32mBackend Nodejs App listening on port 8080[39m
2025-04-19 14:47:07:477 [32minfo[39m: [32mBackend Nodejs App listening on port 8080[39m
2025-04-19 14:47:10:4710 [32minfo[39m: [32mBackend Nodejs App listening on port 8080[39m
2025-04-19 14:47:16:4716 [35mhttp[39m: [35mGET /category[39m
2025-04-19 14:47:16:4716 [35mhttp[39m: [35mGET /product[39m
2025-04-19 14:47:16:4716 [35mhttp[39m: [35mGET /product[39m
2025-04-19 14:47:55:4755 [35mhttp[39m: [35mGET /category[39m
2025-04-19 14:47:55:4755 [35mhttp[39m: [35mGET /product[39m
2025-04-19 14:47:56:4756 [35mhttp[39m: [35mGET /product[39m
2025-04-19 14:48:00:480 [35mhttp[39m: [35mGET /category[39m
2025-04-19 14:48:00:480 [35mhttp[39m: [35mGET /product[39m
2025-04-19 14:48:00:480 [35mhttp[39m: [35mGET /product[39m
2025-04-19 14:48:05:485 [35mhttp[39m: [35mGET /category[39m
2025-04-19 14:48:05:485 [35mhttp[39m: [35mGET /product[39m
2025-04-19 14:48:05:485 [35mhttp[39m: [35mGET /product[39m
2025-04-19 14:48:07:487 [35mhttp[39m: [35mGET /product[39m
2025-04-19 14:48:07:487 [35mhttp[39m: [35mGET /product[39m
2025-04-19 14:48:10:4810 [35mhttp[39m: [35mGET /category[39m
2025-04-19 14:48:10:4810 [35mhttp[39m: [35mGET /product[39m
2025-04-19 14:48:10:4810 [35mhttp[39m: [35mGET /product[39m
2025-04-19 14:48:10:4810 [35mhttp[39m: [35mGET /category[39m
2025-04-19 14:48:10:4810 [35mhttp[39m: [35mGET /product[39m
2025-04-19 14:48:10:4810 [35mhttp[39m: [35mGET /product[39m
2025-04-19 14:48:11:4811 [35mhttp[39m: [35mGET /product[39m
2025-04-19 14:48:11:4811 [35mhttp[39m: [35mGET /product[39m
2025-04-19 14:48:16:4816 [35mhttp[39m: [35mGET /product[39m
2025-04-19 14:48:19:4819 [35mhttp[39m: [35mGET /category[39m
2025-04-19 14:48:19:4819 [35mhttp[39m: [35mGET /product[39m
2025-04-19 14:48:19:4819 [35mhttp[39m: [35mGET /product[39m
2025-04-19 14:48:19:4819 [35mhttp[39m: [35mGET /category[39m
2025-04-19 14:48:19:4819 [35mhttp[39m: [35mGET /product[39m
2025-04-19 14:48:19:4819 [35mhttp[39m: [35mGET /product[39m
2025-04-19 14:48:23:4823 [35mhttp[39m: [35mGET /product/category/68006db067f458e107c77093[39m
2025-04-19 14:48:23:4823 [35mhttp[39m: [35mGET /product/category/68006db067f458e107c77093[39m
2025-04-19 14:48:25:4825 [35mhttp[39m: [35mGET /category[39m
2025-04-19 14:48:25:4825 [35mhttp[39m: [35mGET /product[39m
2025-04-19 14:48:25:4825 [35mhttp[39m: [35mGET /product[39m
2025-04-19 14:48:25:4825 [35mhttp[39m: [35mGET /category[39m
2025-04-19 14:48:25:4825 [35mhttp[39m: [35mGET /product[39m
2025-04-19 14:48:25:4825 [35mhttp[39m: [35mGET /product[39m
2025-04-19 14:48:26:4826 [35mhttp[39m: [35mGET /product[39m
2025-04-19 14:48:26:4826 [35mhttp[39m: [35mGET /product[39m
2025-04-19 14:48:31:4831 [35mhttp[39m: [35mGET /cart[39m
2025-04-19 14:48:31:4831 [35mhttp[39m: [35mGET /cart[39m
2025-04-19 14:48:34:4834 [35mhttp[39m: [35mGET /product[39m
2025-04-19 14:48:34:4834 [35mhttp[39m: [35mGET /product[39m
2025-04-19 14:48:38:4838 [35mhttp[39m: [35mGET /product[39m
2025-04-19 14:48:40:4840 [35mhttp[39m: [35mGET /category[39m
2025-04-19 14:48:40:4840 [35mhttp[39m: [35mGET /product[39m
2025-04-19 14:48:40:4840 [35mhttp[39m: [35mGET /product[39m
2025-04-19 14:48:40:4840 [35mhttp[39m: [35mGET /product[39m
2025-04-19 14:48:40:4840 [35mhttp[39m: [35mGET /category[39m
2025-04-19 14:48:40:4840 [35mhttp[39m: [35mGET /product[39m
2025-04-19 14:48:44:4844 [35mhttp[39m: [35mGET /product[39m
2025-04-19 14:48:44:4844 [35mhttp[39m: [35mGET /product[39m
2025-04-19 14:48:47:4847 [35mhttp[39m: [35mGET /category[39m
2025-04-19 14:48:47:4847 [35mhttp[39m: [35mGET /product[39m
2025-04-19 14:48:47:4847 [35mhttp[39m: [35mGET /product[39m
2025-04-19 14:48:47:4847 [35mhttp[39m: [35mGET /category[39m
2025-04-19 14:48:47:4847 [35mhttp[39m: [35mGET /product[39m
2025-04-19 14:48:47:4847 [35mhttp[39m: [35mGET /product[39m
2025-04-19 14:49:25:4925 [35mhttp[39m: [35mGET /category[39m
2025-04-19 14:49:25:4925 [35mhttp[39m: [35mGET /product[39m
2025-04-19 14:49:25:4925 [35mhttp[39m: [35mGET /product[39m
2025-04-19 14:49:28:4928 [35mhttp[39m: [35mGET /product[39m
2025-04-19 14:49:29:4929 [35mhttp[39m: [35mGET /product[39m
2025-04-19 14:49:29:4929 [35mhttp[39m: [35mGET /product[39m
2025-04-19 14:49:31:4931 [35mhttp[39m: [35mGET /product[39m
2025-04-19 14:50:16:5016 [32minfo[39m: [32mBackend Nodejs App listening on port 8080[39m
2025-04-19 14:50:41:5041 [32minfo[39m: [32mBackend Nodejs App listening on port 8080[39m
2025-04-19 14:50:44:5044 [32minfo[39m: [32mBackend Nodejs App listening on port 8080[39m
2025-04-19 14:50:46:5046 [35mhttp[39m: [35mGET /product[39m
2025-04-19 14:50:56:5056 [35mhttp[39m: [35mGET /category[39m
2025-04-19 14:50:56:5056 [35mhttp[39m: [35mGET /product[39m
2025-04-19 14:50:56:5056 [35mhttp[39m: [35mGET /product[39m
2025-04-19 14:51:10:5110 [35mhttp[39m: [35mGET /product[39m
2025-04-19 14:51:10:5110 [35mhttp[39m: [35mGET /product[39m
2025-04-19 14:51:14:5114 [35mhttp[39m: [35mGET /category[39m
2025-04-19 14:51:14:5114 [35mhttp[39m: [35mGET /product[39m
2025-04-19 14:51:14:5114 [35mhttp[39m: [35mGET /product[39m
2025-04-19 14:51:14:5114 [35mhttp[39m: [35mGET /category[39m
2025-04-19 14:51:14:5114 [35mhttp[39m: [35mGET /product[39m
2025-04-19 14:51:14:5114 [35mhttp[39m: [35mGET /product[39m
2025-04-19 14:52:15:5215 [35mhttp[39m: [35mGET /product[39m
2025-04-19 14:52:15:5215 [35mhttp[39m: [35mGET /category[39m
2025-04-19 14:52:15:5215 [35mhttp[39m: [35mGET /product[39m
2025-04-19 14:53:53:5353 [35mhttp[39m: [35mGET /category[39m
2025-04-19 14:53:54:5354 [35mhttp[39m: [35mGET /product[39m
2025-04-19 14:53:54:5354 [35mhttp[39m: [35mGET /product[39m
2025-04-19 14:55:59:5559 [35mhttp[39m: [35mGET /product/6800a8bca6cd6d038c979a38[39m
2025-04-19 14:55:59:5559 [35mhttp[39m: [35mGET /product/6800a8bca6cd6d038c979a38[39m
2025-04-19 14:56:02:562 [35mhttp[39m: [35mPOST /cart[39m
2025-04-19 14:56:04:564 [35mhttp[39m: [35mGET /cart[39m
2025-04-19 14:56:04:564 [35mhttp[39m: [35mGET /cart[39m
2025-04-19 14:56:08:568 [35mhttp[39m: [35mGET /category[39m
2025-04-19 14:56:08:568 [35mhttp[39m: [35mGET /product[39m
2025-04-19 14:56:08:568 [35mhttp[39m: [35mGET /product[39m
2025-04-19 14:56:08:568 [35mhttp[39m: [35mGET /product[39m
2025-04-19 14:56:08:568 [35mhttp[39m: [35mGET /product[39m
2025-04-19 14:56:08:568 [35mhttp[39m: [35mGET /category[39m
2025-04-19 14:59:30:5930 [32minfo[39m: [32mBackend Nodejs App listening on port 8080[39m
2025-04-19 14:59:39:5939 [32minfo[39m: [32mBackend Nodejs App listening on port 8080[39m
2025-04-19 15:00:46:046 [32minfo[39m: [32mBackend Nodejs App listening on port 8080[39m
2025-04-19 15:00:56:056 [32minfo[39m: [32mBackend Nodejs App listening on port 8080[39m
2025-04-19 15:01:00:10 [32minfo[39m: [32mBackend Nodejs App listening on port 8080[39m
2025-04-19 15:01:22:122 [32minfo[39m: [32mBackend Nodejs App listening on port 8080[39m
2025-04-19 15:02:32:232 [32minfo[39m: [32mBackend Nodejs App listening on port 8080[39m
2025-04-19 15:02:39:239 [32minfo[39m: [32mBackend Nodejs App listening on port 8080[39m
2025-04-19 15:03:48:348 [32minfo[39m: [32mBackend Nodejs App listening on port 8080[39m
2025-04-19 15:03:53:353 [32minfo[39m: [32mBackend Nodejs App listening on port 8080[39m
2025-04-19 15:04:31:431 [32minfo[39m: [32mBackend Nodejs App listening on port 8080[39m
2025-04-19 15:06:49:649 [32minfo[39m: [32mBackend Nodejs App listening on port 8080[39m
2025-04-19 15:06:51:651 [32minfo[39m: [32mBackend Nodejs App listening on port 8080[39m
2025-04-19 15:09:02:92 [32minfo[39m: [32mBackend Nodejs App listening on port 8080[39m
2025-04-19 15:09:13:913 [32minfo[39m: [32mBackend Nodejs App listening on port 8080[39m
2025-04-19 15:11:14:1114 [35mhttp[39m: [35mGET /category[39m
2025-04-19 15:11:14:1114 [35mhttp[39m: [35mGET /product[39m
2025-04-19 15:11:14:1114 [35mhttp[39m: [35mGET /product[39m
2025-04-19 15:11:20:1120 [35mhttp[39m: [35mGET /product[39m
2025-04-19 15:11:20:1120 [35mhttp[39m: [35mGET /product[39m
2025-04-19 15:13:11:1311 [32minfo[39m: [32mBackend Nodejs App listening on port 8080[39m
2025-04-19 15:13:19:1319 [32minfo[39m: [32mBackend Nodejs App listening on port 8080[39m
2025-04-19 15:13:42:1342 [32minfo[39m: [32mBackend Nodejs App listening on port 8080[39m
2025-04-19 15:13:50:1350 [32minfo[39m: [32mBackend Nodejs App listening on port 8080[39m
2025-04-19 15:14:03:143 [32minfo[39m: [32mBackend Nodejs App listening on port 8080[39m
2025-04-19 15:14:08:148 [32minfo[39m: [32mBackend Nodejs App listening on port 8080[39m
2025-04-19 15:14:15:1415 [32minfo[39m: [32mBackend Nodejs App listening on port 8080[39m
2025-04-19 15:14:31:1431 [32minfo[39m: [32mBackend Nodejs App listening on port 8080[39m
2025-04-19 15:14:36:1436 [32minfo[39m: [32mBackend Nodejs App listening on port 8080[39m
2025-04-19 15:14:38:1438 [32minfo[39m: [32mBackend Nodejs App listening on port 8080[39m
2025-04-19 15:14:39:1439 [32minfo[39m: [32mBackend Nodejs App listening on port 8080[39m
2025-04-19 15:14:43:1443 [32minfo[39m: [32mBackend Nodejs App listening on port 8080[39m
2025-04-19 15:14:47:1447 [32minfo[39m: [32mBackend Nodejs App listening on port 8080[39m
2025-04-19 15:15:05:155 [32minfo[39m: [32mBackend Nodejs App listening on port 8080[39m
2025-04-19 15:15:47:1547 [32minfo[39m: [32mBackend Nodejs App listening on port 8080[39m
2025-04-19 15:15:55:1555 [32minfo[39m: [32mBackend Nodejs App listening on port 8080[39m
2025-04-19 15:16:05:165 [32minfo[39m: [32mBackend Nodejs App listening on port 8080[39m
2025-04-19 15:16:15:1615 [32minfo[39m: [32mBackend Nodejs App listening on port 8080[39m
2025-04-19 15:16:26:1626 [32minfo[39m: [32mBackend Nodejs App listening on port 8080[39m
2025-04-19 15:19:04:194 [32minfo[39m: [32mBackend Nodejs App listening on port 8080[39m
2025-04-19 15:19:10:1910 [32minfo[39m: [32mBackend Nodejs App listening on port 8080[39m
2025-04-19 15:19:40:1940 [32minfo[39m: [32mBackend Nodejs App listening on port 8080[39m
2025-04-19 15:19:43:1943 [32minfo[39m: [32mBackend Nodejs App listening on port 8080[39m
2025-04-19 15:21:11:2111 [35mhttp[39m: [35mGET /product/680080027b9dd5453855084e[39m
2025-04-19 15:21:11:2111 [35mhttp[39m: [35mGET /product/680080027b9dd5453855084e[39m
2025-04-19 15:21:12:2112 [35mhttp[39m: [35mGET /product[39m
2025-04-19 15:21:12:2112 [35mhttp[39m: [35mGET /product[39m
2025-04-19 15:24:33:2433 [35mhttp[39m: [35mGET /cart[39m
2025-04-19 15:24:33:2433 [35mhttp[39m: [35mGET /cart[39m
2025-04-19 15:24:35:2435 [35mhttp[39m: [35mPUT /cart/68031ccd57361b6e096e4502[39m
2025-04-19 15:24:58:2458 [35mhttp[39m: [35mGET /cart[39m
2025-04-19 15:24:59:2459 [35mhttp[39m: [35mPUT /cart/68031ccd57361b6e096e4502[39m
2025-04-19 15:24:59:2459 [35mhttp[39m: [35mGET /cart[39m
2025-04-19 15:25:01:251 [35mhttp[39m: [35mPUT /cart/68031ccd57361b6e096e4502[39m
2025-04-19 15:25:01:251 [35mhttp[39m: [35mGET /cart[39m
2025-04-19 15:25:01:251 [35mhttp[39m: [35mPUT /cart/68031ccd57361b6e096e4502[39m
2025-04-19 15:25:01:251 [35mhttp[39m: [35mGET /cart[39m
2025-04-19 15:25:02:252 [35mhttp[39m: [35mPUT /cart/68031ccd57361b6e096e4502[39m
2025-04-19 15:25:02:252 [35mhttp[39m: [35mGET /cart[39m
2025-04-19 15:25:02:252 [35mhttp[39m: [35mPUT /cart/68031ccd57361b6e096e4502[39m
2025-04-19 15:25:02:252 [35mhttp[39m: [35mGET /cart[39m
2025-04-19 15:25:02:252 [35mhttp[39m: [35mPUT /cart/68031ccd57361b6e096e4502[39m
2025-04-19 15:25:02:252 [35mhttp[39m: [35mGET /cart[39m
2025-04-19 15:25:02:252 [35mhttp[39m: [35mPUT /cart/68031ccd57361b6e096e4502[39m
2025-04-19 15:25:02:252 [35mhttp[39m: [35mGET /cart[39m
2025-04-19 15:25:02:252 [35mhttp[39m: [35mPUT /cart/68031ccd57361b6e096e4502[39m
2025-04-19 15:25:02:252 [35mhttp[39m: [35mGET /cart[39m
2025-04-19 15:25:03:253 [35mhttp[39m: [35mPUT /cart/68031ccd57361b6e096e4502[39m
2025-04-19 15:25:03:253 [35mhttp[39m: [35mGET /cart[39m
2025-04-19 15:25:03:253 [35mhttp[39m: [35mPUT /cart/68031ccd57361b6e096e4502[39m
2025-04-19 15:25:03:253 [35mhttp[39m: [35mGET /cart[39m
2025-04-19 15:25:03:253 [35mhttp[39m: [35mPUT /cart/68031ccd57361b6e096e4502[39m
2025-04-19 15:25:03:253 [35mhttp[39m: [35mGET /cart[39m
2025-04-19 15:25:03:253 [35mhttp[39m: [35mPUT /cart/68031ccd57361b6e096e4502[39m
2025-04-19 15:25:03:253 [35mhttp[39m: [35mGET /cart[39m
2025-04-19 15:25:03:253 [35mhttp[39m: [35mPUT /cart/68031ccd57361b6e096e4502[39m
2025-04-19 15:25:03:253 [35mhttp[39m: [35mGET /cart[39m
2025-04-19 15:25:03:253 [35mhttp[39m: [35mPUT /cart/68031ccd57361b6e096e4502[39m
2025-04-19 15:25:04:254 [35mhttp[39m: [35mGET /cart[39m
2025-04-19 15:25:04:254 [35mhttp[39m: [35mPUT /cart/68031ccd57361b6e096e4502[39m
2025-04-19 15:25:04:254 [35mhttp[39m: [35mGET /cart[39m
2025-04-19 15:25:04:254 [35mhttp[39m: [35mPUT /cart/68031ccd57361b6e096e4502[39m
2025-04-19 15:25:04:254 [35mhttp[39m: [35mGET /cart[39m
2025-04-19 15:25:04:254 [35mhttp[39m: [35mPUT /cart/68031ccd57361b6e096e4502[39m
2025-04-19 15:25:04:254 [35mhttp[39m: [35mGET /cart[39m
2025-04-19 15:25:04:254 [35mhttp[39m: [35mPUT /cart/68031ccd57361b6e096e4502[39m
2025-04-19 15:25:04:254 [35mhttp[39m: [35mGET /cart[39m
2025-04-19 15:25:04:254 [35mhttp[39m: [35mPUT /cart/68031ccd57361b6e096e4502[39m
2025-04-19 15:25:04:254 [35mhttp[39m: [35mGET /cart[39m
2025-04-19 15:25:05:255 [35mhttp[39m: [35mPUT /cart/68031ccd57361b6e096e4502[39m
2025-04-19 15:25:05:255 [35mhttp[39m: [35mGET /cart[39m
2025-04-19 15:25:05:255 [35mhttp[39m: [35mPUT /cart/68031ccd57361b6e096e4502[39m
2025-04-19 15:25:05:255 [35mhttp[39m: [35mGET /cart[39m
2025-04-19 15:25:06:256 [35mhttp[39m: [35mPUT /cart/68031ccd57361b6e096e4502[39m
2025-04-19 15:25:06:256 [35mhttp[39m: [35mGET /cart[39m
2025-04-19 15:25:07:257 [35mhttp[39m: [35mPUT /cart/68031ccd57361b6e096e4502[39m
2025-04-19 15:25:07:257 [35mhttp[39m: [35mGET /cart[39m
2025-04-19 15:25:07:257 [35mhttp[39m: [35mPUT /cart/68031ccd57361b6e096e4502[39m
2025-04-19 15:25:07:257 [35mhttp[39m: [35mGET /cart[39m
2025-04-19 15:25:07:257 [35mhttp[39m: [35mPUT /cart/68031ccd57361b6e096e4502[39m
2025-04-19 15:25:07:257 [35mhttp[39m: [35mGET /cart[39m
2025-04-19 15:25:07:257 [35mhttp[39m: [35mPUT /cart/68031ccd57361b6e096e4502[39m
2025-04-19 15:25:07:257 [35mhttp[39m: [35mGET /cart[39m
2025-04-19 15:25:07:257 [35mhttp[39m: [35mPUT /cart/68031ccd57361b6e096e4502[39m
2025-04-19 15:25:07:257 [35mhttp[39m: [35mGET /cart[39m
2025-04-19 15:25:08:258 [35mhttp[39m: [35mPUT /cart/68031ccd57361b6e096e4502[39m
2025-04-19 15:25:08:258 [35mhttp[39m: [35mGET /cart[39m
2025-04-19 15:25:38:2538 [35mhttp[39m: [35mGET /cart[39m
2025-04-19 15:26:16:2616 [35mhttp[39m: [35mGET /cart[39m
2025-04-19 15:26:19:2619 [35mhttp[39m: [35mGET /cart[39m
2025-04-19 15:26:23:2623 [35mhttp[39m: [35mPUT /cart/68031ccd57361b6e096e4502[39m
2025-04-19 15:26:23:2623 [35mhttp[39m: [35mGET /cart[39m
2025-04-19 15:26:24:2624 [35mhttp[39m: [35mPUT /cart/68031ccd57361b6e096e4502[39m
2025-04-19 15:26:24:2624 [35mhttp[39m: [35mGET /cart[39m
2025-04-19 15:26:26:2626 [35mhttp[39m: [35mPUT /cart/68031ccd57361b6e096e4502[39m
2025-04-19 15:26:26:2626 [35mhttp[39m: [35mGET /cart[39m
2025-04-19 15:26:26:2626 [35mhttp[39m: [35mPUT /cart/68031ccd57361b6e096e4502[39m
2025-04-19 15:26:26:2626 [35mhttp[39m: [35mGET /cart[39m
2025-04-19 15:26:26:2626 [35mhttp[39m: [35mPUT /cart/68031ccd57361b6e096e4502[39m
2025-04-19 15:26:26:2626 [35mhttp[39m: [35mGET /cart[39m
2025-04-19 15:26:26:2626 [35mhttp[39m: [35mPUT /cart/68031ccd57361b6e096e4502[39m
2025-04-19 15:26:26:2626 [35mhttp[39m: [35mGET /cart[39m
2025-04-19 15:26:26:2626 [35mhttp[39m: [35mPUT /cart/68031ccd57361b6e096e4502[39m
2025-04-19 15:26:26:2626 [35mhttp[39m: [35mGET /cart[39m
2025-04-19 15:26:26:2626 [35mhttp[39m: [35mPUT /cart/68031ccd57361b6e096e4502[39m
2025-04-19 15:26:26:2626 [35mhttp[39m: [35mGET /cart[39m
2025-04-19 15:26:27:2627 [35mhttp[39m: [35mPUT /cart/68031ccd57361b6e096e4502[39m
2025-04-19 15:26:27:2627 [35mhttp[39m: [35mGET /cart[39m
2025-04-19 15:26:27:2627 [35mhttp[39m: [35mPUT /cart/68031ccd57361b6e096e4502[39m
2025-04-19 15:26:27:2627 [35mhttp[39m: [35mGET /cart[39m
2025-04-19 15:26:27:2627 [35mhttp[39m: [35mPUT /cart/68031ccd57361b6e096e4502[39m
2025-04-19 15:26:27:2627 [35mhttp[39m: [35mGET /cart[39m
2025-04-19 15:26:58:2658 [35mhttp[39m: [35mGET /cart[39m
2025-04-19 15:26:59:2659 [35mhttp[39m: [35mDELETE /cart/68031ccd57361b6e096e4502[39m
2025-04-19 15:27:01:271 [35mhttp[39m: [35mGET /category[39m
2025-04-19 15:27:01:271 [35mhttp[39m: [35mGET /product[39m
2025-04-19 15:27:01:271 [35mhttp[39m: [35mGET /product[39m
2025-04-19 15:27:01:271 [35mhttp[39m: [35mGET /product[39m
2025-04-19 15:27:01:271 [35mhttp[39m: [35mGET /product[39m
2025-04-19 15:27:01:271 [35mhttp[39m: [35mGET /category[39m
2025-04-19 15:27:03:273 [35mhttp[39m: [35mGET /product/680080027b9dd5453855084e[39m
2025-04-19 15:27:03:273 [35mhttp[39m: [35mGET /product/680080027b9dd5453855084e[39m
2025-04-19 15:27:07:277 [35mhttp[39m: [35mPOST /cart[39m
2025-04-19 15:27:10:2710 [35mhttp[39m: [35mGET /cart[39m
2025-04-19 15:27:10:2710 [35mhttp[39m: [35mGET /cart[39m
2025-04-19 15:27:11:2711 [35mhttp[39m: [35mPUT /cart/68035e5ba8dd73b682b1d817[39m
2025-04-19 15:27:11:2711 [35mhttp[39m: [35mGET /cart[39m
2025-04-19 15:27:11:2711 [35mhttp[39m: [35mPUT /cart/68035e5ba8dd73b682b1d817[39m
2025-04-19 15:27:11:2711 [35mhttp[39m: [35mGET /cart[39m
2025-04-19 15:27:11:2711 [35mhttp[39m: [35mPUT /cart/68035e5ba8dd73b682b1d817[39m
2025-04-19 15:27:11:2711 [35mhttp[39m: [35mGET /cart[39m
2025-04-19 15:27:11:2711 [35mhttp[39m: [35mPUT /cart/68035e5ba8dd73b682b1d817[39m
2025-04-19 15:27:11:2711 [35mhttp[39m: [35mGET /cart[39m
2025-04-19 15:27:12:2712 [35mhttp[39m: [35mPUT /cart/68035e5ba8dd73b682b1d817[39m
2025-04-19 15:27:12:2712 [35mhttp[39m: [35mGET /cart[39m
2025-04-19 15:27:12:2712 [35mhttp[39m: [35mPUT /cart/68035e5ba8dd73b682b1d817[39m
2025-04-19 15:27:12:2712 [35mhttp[39m: [35mGET /cart[39m
2025-04-19 15:27:12:2712 [35mhttp[39m: [35mPUT /cart/68035e5ba8dd73b682b1d817[39m
2025-04-19 15:27:12:2712 [35mhttp[39m: [35mGET /cart[39m
2025-04-19 15:27:12:2712 [35mhttp[39m: [35mPUT /cart/68035e5ba8dd73b682b1d817[39m
2025-04-19 15:27:12:2712 [35mhttp[39m: [35mGET /cart[39m
2025-04-19 15:27:12:2712 [35mhttp[39m: [35mPUT /cart/68035e5ba8dd73b682b1d817[39m
2025-04-19 15:27:12:2712 [35mhttp[39m: [35mGET /cart[39m
2025-04-19 15:27:12:2712 [35mhttp[39m: [35mPUT /cart/68035e5ba8dd73b682b1d817[39m
2025-04-19 15:27:12:2712 [35mhttp[39m: [35mGET /cart[39m
2025-04-19 15:27:13:2713 [35mhttp[39m: [35mPUT /cart/68035e5ba8dd73b682b1d817[39m
2025-04-19 15:27:13:2713 [35mhttp[39m: [35mGET /cart[39m
2025-04-19 15:27:13:2713 [35mhttp[39m: [35mPUT /cart/68035e5ba8dd73b682b1d817[39m
2025-04-19 15:27:13:2713 [35mhttp[39m: [35mGET /cart[39m
2025-04-19 15:27:13:2713 [35mhttp[39m: [35mPUT /cart/68035e5ba8dd73b682b1d817[39m
2025-04-19 15:27:13:2713 [35mhttp[39m: [35mGET /cart[39m
2025-04-19 15:27:13:2713 [35mhttp[39m: [35mPUT /cart/68035e5ba8dd73b682b1d817[39m
2025-04-19 15:27:13:2713 [35mhttp[39m: [35mGET /cart[39m
2025-04-19 15:27:15:2715 [35mhttp[39m: [35mPUT /cart/68035e5ba8dd73b682b1d817[39m
2025-04-19 15:27:15:2715 [35mhttp[39m: [35mGET /cart[39m
2025-04-19 15:27:15:2715 [35mhttp[39m: [35mPUT /cart/68035e5ba8dd73b682b1d817[39m
2025-04-19 15:27:15:2715 [35mhttp[39m: [35mGET /cart[39m
2025-04-19 15:27:16:2716 [35mhttp[39m: [35mPUT /cart/68035e5ba8dd73b682b1d817[39m
2025-04-19 15:27:16:2716 [35mhttp[39m: [35mGET /cart[39m
2025-04-19 15:27:16:2716 [35mhttp[39m: [35mPUT /cart/68035e5ba8dd73b682b1d817[39m
2025-04-19 15:27:16:2716 [35mhttp[39m: [35mGET /cart[39m
2025-04-19 15:27:16:2716 [35mhttp[39m: [35mPUT /cart/68035e5ba8dd73b682b1d817[39m
2025-04-19 15:27:16:2716 [35mhttp[39m: [35mGET /cart[39m
2025-04-19 15:27:16:2716 [35mhttp[39m: [35mPUT /cart/68035e5ba8dd73b682b1d817[39m
2025-04-19 15:27:16:2716 [35mhttp[39m: [35mGET /cart[39m
2025-04-19 15:27:17:2717 [35mhttp[39m: [35mPUT /cart/68035e5ba8dd73b682b1d817[39m
2025-04-19 15:27:17:2717 [35mhttp[39m: [35mGET /cart[39m
2025-04-19 15:27:17:2717 [35mhttp[39m: [35mPUT /cart/68035e5ba8dd73b682b1d817[39m
2025-04-19 15:27:17:2717 [35mhttp[39m: [35mGET /cart[39m
2025-04-19 15:27:17:2717 [35mhttp[39m: [35mPUT /cart/68035e5ba8dd73b682b1d817[39m
2025-04-19 15:27:17:2717 [35mhttp[39m: [35mGET /cart[39m
2025-04-19 15:27:17:2717 [35mhttp[39m: [35mPUT /cart/68035e5ba8dd73b682b1d817[39m
2025-04-19 15:27:17:2717 [35mhttp[39m: [35mGET /cart[39m
2025-04-19 15:27:17:2717 [35mhttp[39m: [35mPUT /cart/68035e5ba8dd73b682b1d817[39m
2025-04-19 15:27:17:2717 [35mhttp[39m: [35mGET /cart[39m
2025-04-19 15:27:18:2718 [35mhttp[39m: [35mPUT /cart/68035e5ba8dd73b682b1d817[39m
2025-04-19 15:27:18:2718 [35mhttp[39m: [35mGET /cart[39m
2025-04-19 15:27:18:2718 [35mhttp[39m: [35mPUT /cart/68035e5ba8dd73b682b1d817[39m
2025-04-19 15:27:18:2718 [35mhttp[39m: [35mGET /cart[39m
2025-04-19 15:27:18:2718 [35mhttp[39m: [35mPUT /cart/68035e5ba8dd73b682b1d817[39m
2025-04-19 15:27:18:2718 [35mhttp[39m: [35mGET /cart[39m
2025-04-19 15:27:18:2718 [35mhttp[39m: [35mDELETE /cart/68035e5ba8dd73b682b1d817[39m
2025-04-19 15:28:38:2838 [35mhttp[39m: [35mGET /cart[39m
2025-04-19 15:28:40:2840 [35mhttp[39m: [35mPUT /cart/68035712f28200bbe3b7ad9d[39m
2025-04-19 15:28:40:2840 [35mhttp[39m: [35mGET /cart[39m
2025-04-19 15:28:40:2840 [35mhttp[39m: [35mPUT /cart/68035712f28200bbe3b7ad9d[39m
2025-04-19 15:28:40:2840 [35mhttp[39m: [35mGET /cart[39m
2025-04-19 15:28:40:2840 [35mhttp[39m: [35mPUT /cart/68035712f28200bbe3b7ad9d[39m
2025-04-19 15:28:40:2840 [35mhttp[39m: [35mGET /cart[39m
2025-04-19 15:28:41:2841 [35mhttp[39m: [35mDELETE /cart/68035712f28200bbe3b7ad9d[39m
2025-04-19 15:28:42:2842 [35mhttp[39m: [35mGET /category[39m
2025-04-19 15:28:42:2842 [35mhttp[39m: [35mGET /product[39m
2025-04-19 15:28:42:2842 [35mhttp[39m: [35mGET /product[39m
2025-04-19 15:28:42:2842 [35mhttp[39m: [35mGET /category[39m
2025-04-19 15:28:42:2842 [35mhttp[39m: [35mGET /product[39m
2025-04-19 15:28:42:2842 [35mhttp[39m: [35mGET /product[39m
2025-04-19 15:28:44:2844 [35mhttp[39m: [35mGET /product/680085587b9dd54538550891[39m
2025-04-19 15:28:44:2844 [35mhttp[39m: [35mGET /product/680085587b9dd54538550891[39m
2025-04-19 15:28:56:2856 [35mhttp[39m: [35mPOST /cart[39m
2025-04-19 15:28:59:2859 [35mhttp[39m: [35mGET /cart[39m
2025-04-19 15:28:59:2859 [35mhttp[39m: [35mGET /cart[39m
2025-04-19 15:29:00:290 [35mhttp[39m: [35mPUT /cart/68035ec8a8dd73b682b1db64[39m
2025-04-19 15:29:00:290 [35mhttp[39m: [35mGET /cart[39m
2025-04-19 15:29:00:290 [35mhttp[39m: [35mPUT /cart/68035ec8a8dd73b682b1db64[39m
2025-04-19 15:29:00:290 [35mhttp[39m: [35mGET /cart[39m
2025-04-19 15:29:00:290 [35mhttp[39m: [35mPUT /cart/68035ec8a8dd73b682b1db64[39m
2025-04-19 15:29:00:290 [35mhttp[39m: [35mGET /cart[39m
2025-04-19 15:29:00:290 [35mhttp[39m: [35mPUT /cart/68035ec8a8dd73b682b1db64[39m
2025-04-19 15:29:00:290 [35mhttp[39m: [35mGET /cart[39m
2025-04-19 15:29:01:291 [35mhttp[39m: [35mPUT /cart/68035ec8a8dd73b682b1db64[39m
2025-04-19 15:29:01:291 [35mhttp[39m: [35mGET /cart[39m
2025-04-19 15:29:01:291 [35mhttp[39m: [35mPUT /cart/68035ec8a8dd73b682b1db64[39m
2025-04-19 15:29:01:291 [35mhttp[39m: [35mGET /cart[39m
2025-04-19 15:29:02:292 [35mhttp[39m: [35mPUT /cart/68035ec8a8dd73b682b1db64[39m
2025-04-19 15:29:02:292 [35mhttp[39m: [35mGET /cart[39m
2025-04-19 15:29:02:292 [35mhttp[39m: [35mPUT /cart/68035ec8a8dd73b682b1db64[39m
2025-04-19 15:29:02:292 [35mhttp[39m: [35mGET /cart[39m
2025-04-19 15:29:02:292 [35mhttp[39m: [35mPUT /cart/68035ec8a8dd73b682b1db64[39m
2025-04-19 15:29:02:292 [35mhttp[39m: [35mGET /cart[39m
2025-04-19 15:29:02:292 [35mhttp[39m: [35mPUT /cart/68035ec8a8dd73b682b1db64[39m
2025-04-19 15:29:02:292 [35mhttp[39m: [35mGET /cart[39m
2025-04-19 15:29:02:292 [35mhttp[39m: [35mPUT /cart/68035ec8a8dd73b682b1db64[39m
2025-04-19 15:29:02:292 [35mhttp[39m: [35mGET /cart[39m
2025-04-19 15:29:02:292 [35mhttp[39m: [35mPUT /cart/68035ec8a8dd73b682b1db64[39m
2025-04-19 15:29:02:292 [35mhttp[39m: [35mGET /cart[39m
2025-04-19 15:29:03:293 [35mhttp[39m: [35mPUT /cart/68035ec8a8dd73b682b1db64[39m
2025-04-19 15:29:03:293 [35mhttp[39m: [35mGET /cart[39m
2025-04-19 15:29:03:293 [35mhttp[39m: [35mPUT /cart/68035ec8a8dd73b682b1db64[39m
2025-04-19 15:29:03:293 [35mhttp[39m: [35mGET /cart[39m
2025-04-19 15:29:11:2911 [35mhttp[39m: [35mGET /cart[39m
2025-04-19 15:29:14:2914 [35mhttp[39m: [35mGET /cart[39m
2025-04-19 15:29:16:2916 [35mhttp[39m: [35mPUT /cart/68035ec8a8dd73b682b1db64[39m
2025-04-19 15:29:16:2916 [35mhttp[39m: [35mGET /cart[39m
2025-04-19 15:29:16:2916 [35mhttp[39m: [35mPUT /cart/68035ec8a8dd73b682b1db64[39m
2025-04-19 15:29:16:2916 [35mhttp[39m: [35mGET /cart[39m
2025-04-19 15:29:16:2916 [35mhttp[39m: [35mPUT /cart/68035ec8a8dd73b682b1db64[39m
2025-04-19 15:29:16:2916 [35mhttp[39m: [35mGET /cart[39m
2025-04-19 15:29:16:2916 [35mhttp[39m: [35mPUT /cart/68035ec8a8dd73b682b1db64[39m
2025-04-19 15:29:16:2916 [35mhttp[39m: [35mGET /cart[39m
2025-04-19 15:29:17:2917 [35mhttp[39m: [35mPUT /cart/68035ec8a8dd73b682b1db64[39m
2025-04-19 15:29:17:2917 [35mhttp[39m: [35mGET /cart[39m
2025-04-19 15:29:17:2917 [35mhttp[39m: [35mPUT /cart/68035ec8a8dd73b682b1db64[39m
2025-04-19 15:29:17:2917 [35mhttp[39m: [35mGET /cart[39m
2025-04-19 15:29:17:2917 [35mhttp[39m: [35mPUT /cart/68035ec8a8dd73b682b1db64[39m
2025-04-19 15:29:17:2917 [35mhttp[39m: [35mGET /cart[39m
2025-04-19 15:29:17:2917 [35mhttp[39m: [35mPUT /cart/68035ec8a8dd73b682b1db64[39m
2025-04-19 15:29:17:2917 [35mhttp[39m: [35mGET /cart[39m
2025-04-19 15:29:18:2918 [35mhttp[39m: [35mPUT /cart/68035ec8a8dd73b682b1db64[39m
2025-04-19 15:29:18:2918 [35mhttp[39m: [35mGET /cart[39m
2025-04-19 15:29:18:2918 [35mhttp[39m: [35mPUT /cart/68035ec8a8dd73b682b1db64[39m
2025-04-19 15:29:18:2918 [35mhttp[39m: [35mGET /cart[39m
2025-04-19 15:29:18:2918 [35mhttp[39m: [35mPUT /cart/68035ec8a8dd73b682b1db64[39m
2025-04-19 15:29:18:2918 [35mhttp[39m: [35mGET /cart[39m
2025-04-19 15:29:18:2918 [35mhttp[39m: [35mPUT /cart/68035ec8a8dd73b682b1db64[39m
2025-04-19 15:29:18:2918 [35mhttp[39m: [35mGET /cart[39m
2025-04-19 15:29:19:2919 [35mhttp[39m: [35mPUT /cart/68035ec8a8dd73b682b1db64[39m
2025-04-19 15:29:19:2919 [35mhttp[39m: [35mGET /cart[39m
2025-04-19 15:29:19:2919 [35mhttp[39m: [35mPUT /cart/68035ec8a8dd73b682b1db64[39m
2025-04-19 15:29:19:2919 [35mhttp[39m: [35mGET /cart[39m
2025-04-19 15:29:20:2920 [35mhttp[39m: [35mDELETE /cart/68035ec8a8dd73b682b1db64[39m
2025-04-19 15:29:22:2922 [35mhttp[39m: [35mGET /category[39m
2025-04-19 15:29:22:2922 [35mhttp[39m: [35mGET /product[39m
2025-04-19 15:29:22:2922 [35mhttp[39m: [35mGET /product[39m
2025-04-19 15:29:22:2922 [35mhttp[39m: [35mGET /category[39m
2025-04-19 15:29:22:2922 [35mhttp[39m: [35mGET /product[39m
2025-04-19 15:29:22:2922 [35mhttp[39m: [35mGET /product[39m
2025-04-19 15:29:23:2923 [35mhttp[39m: [35mGET /product/680085587b9dd54538550891[39m
2025-04-19 15:29:23:2923 [35mhttp[39m: [35mGET /product/680085587b9dd54538550891[39m
2025-04-19 15:30:02:302 [35mhttp[39m: [35mGET /product/680085587b9dd54538550891[39m
2025-04-19 15:30:16:3016 [35mhttp[39m: [35mGET /product/680085587b9dd54538550891[39m
2025-04-19 15:30:44:3044 [35mhttp[39m: [35mGET /product/680085587b9dd54538550891[39m
2025-04-19 15:30:51:3051 [35mhttp[39m: [35mGET /product/680085587b9dd54538550891[39m
2025-04-19 15:31:31:3131 [35mhttp[39m: [35mGET /product/680085587b9dd54538550891[39m
2025-04-19 15:31:42:3142 [35mhttp[39m: [35mGET /category[39m
2025-04-19 15:31:43:3143 [35mhttp[39m: [35mGET /product[39m
2025-04-19 15:31:43:3143 [35mhttp[39m: [35mGET /product[39m
2025-04-19 15:31:43:3143 [35mhttp[39m: [35mGET /product[39m
2025-04-19 15:31:43:3143 [35mhttp[39m: [35mGET /category[39m
2025-04-19 15:31:43:3143 [35mhttp[39m: [35mGET /product[39m
2025-04-19 15:31:43:3143 [35mhttp[39m: [35mGET /product[39m
2025-04-19 15:31:43:3143 [35mhttp[39m: [35mGET /product[39m
2025-04-19 15:31:45:3145 [35mhttp[39m: [35mGET /product/6800855c7b9dd545385508b4[39m
2025-04-19 15:31:45:3145 [35mhttp[39m: [35mGET /product/6800855c7b9dd545385508b4[39m
2025-04-19 15:31:55:3155 [35mhttp[39m: [35mGET /product/6800855c7b9dd545385508b4[39m
2025-04-19 15:32:18:3218 [35mhttp[39m: [35mGET /product/6800855c7b9dd545385508b4[39m
2025-04-19 15:32:35:3235 [35mhttp[39m: [35mGET /product/6800855c7b9dd545385508b4[39m
2025-04-19 15:32:58:3258 [35mhttp[39m: [35mPOST /cart[39m
2025-04-19 15:33:03:333 [35mhttp[39m: [35mGET /cart[39m
2025-04-19 15:33:03:333 [35mhttp[39m: [35mGET /cart[39m
2025-04-19 15:33:06:336 [35mhttp[39m: [35mGET /product/6800855c7b9dd545385508b4[39m
2025-04-19 15:33:06:336 [35mhttp[39m: [35mGET /product/6800855c7b9dd545385508b4[39m
2025-04-19 15:33:10:3310 [35mhttp[39m: [35mPOST /cart[39m
2025-04-19 15:33:13:3313 [35mhttp[39m: [35mGET /cart[39m
2025-04-19 15:33:13:3313 [35mhttp[39m: [35mGET /cart[39m
2025-04-19 15:33:15:3315 [35mhttp[39m: [35mGET /product/6800855c7b9dd545385508b4[39m
2025-04-19 15:33:15:3315 [35mhttp[39m: [35mGET /product/6800855c7b9dd545385508b4[39m
2025-04-19 15:33:52:3352 [35mhttp[39m: [35mPOST /cart[39m
2025-04-19 15:33:56:3356 [35mhttp[39m: [35mGET /cart[39m
2025-04-19 15:33:56:3356 [35mhttp[39m: [35mGET /cart[39m
2025-04-19 15:34:00:340 [35mhttp[39m: [35mGET /cart[39m
2025-04-19 15:34:03:343 [35mhttp[39m: [35mGET /product[39m
2025-04-19 15:34:03:343 [35mhttp[39m: [35mGET /product[39m
2025-04-19 15:34:05:345 [35mhttp[39m: [35mGET /product/680085587b9dd54538550891[39m
2025-04-19 15:34:05:345 [35mhttp[39m: [35mGET /product/680085587b9dd54538550891[39m
2025-04-19 15:34:18:3418 [35mhttp[39m: [35mPOST /cart[39m
2025-04-19 15:34:21:3421 [35mhttp[39m: [35mGET /cart[39m
2025-04-19 15:34:21:3421 [35mhttp[39m: [35mGET /cart[39m
2025-04-19 15:34:23:3423 [35mhttp[39m: [35mGET /product/680085587b9dd54538550891[39m
2025-04-19 15:34:23:3423 [35mhttp[39m: [35mGET /product/680085587b9dd54538550891[39m
2025-04-19 15:34:28:3428 [35mhttp[39m: [35mPOST /cart[39m
2025-04-19 15:34:31:3431 [35mhttp[39m: [35mGET /cart[39m
2025-04-19 15:34:31:3431 [35mhttp[39m: [35mGET /cart[39m
2025-04-19 15:34:32:3432 [35mhttp[39m: [35mGET /product/680085587b9dd54538550891[39m
2025-04-19 15:34:32:3432 [35mhttp[39m: [35mGET /product/680085587b9dd54538550891[39m
2025-04-19 15:34:34:3434 [35mhttp[39m: [35mPOST /cart[39m
2025-04-19 15:34:36:3436 [35mhttp[39m: [35mGET /cart[39m
2025-04-19 15:34:36:3436 [35mhttp[39m: [35mGET /cart[39m
2025-04-19 15:34:38:3438 [35mhttp[39m: [35mGET /product/680085587b9dd54538550891[39m
2025-04-19 15:34:38:3438 [35mhttp[39m: [35mGET /product/680085587b9dd54538550891[39m
2025-04-19 15:36:34:3634 [35mhttp[39m: [35mGET /cart[39m
2025-04-19 15:36:34:3634 [35mhttp[39m: [35mGET /product/680085587b9dd54538550891[39m
2025-04-19 15:36:37:3637 [35mhttp[39m: [35mGET /cart[39m
2025-04-19 15:36:42:3642 [35mhttp[39m: [35mPOST /cart[39m
2025-04-19 15:36:42:3642 [35mhttp[39m: [35mGET /cart[39m
2025-04-19 15:36:45:3645 [35mhttp[39m: [35mGET /cart[39m
2025-04-19 15:36:45:3645 [35mhttp[39m: [35mGET /cart[39m
2025-04-19 15:36:47:3647 [35mhttp[39m: [35mGET /product/680085587b9dd54538550891[39m
2025-04-19 15:36:47:3647 [35mhttp[39m: [35mGET /product/680085587b9dd54538550891[39m
2025-04-19 15:36:47:3647 [35mhttp[39m: [35mGET /cart[39m
2025-04-19 15:36:47:3647 [35mhttp[39m: [35mGET /cart[39m
2025-04-19 15:36:53:3653 [35mhttp[39m: [35mGET /cart[39m
2025-04-19 15:36:53:3653 [35mhttp[39m: [35mGET /cart[39m
2025-04-19 15:38:03:383 [35mhttp[39m: [35mGET /cart[39m
2025-04-19 15:38:05:385 [35mhttp[39m: [35mGET /product/680085587b9dd54538550891[39m
2025-04-19 15:38:05:385 [35mhttp[39m: [35mGET /cart[39m
2025-04-19 15:38:05:385 [35mhttp[39m: [35mGET /product/680085587b9dd54538550891[39m
2025-04-19 15:38:05:385 [35mhttp[39m: [35mGET /cart[39m
2025-04-19 15:39:01:391 [35mhttp[39m: [35mGET /cart[39m
2025-04-19 15:39:06:396 [35mhttp[39m: [35mGET /cart[39m
2025-04-19 15:39:06:396 [35mhttp[39m: [35mGET /cart[39m
2025-04-19 15:39:08:398 [35mhttp[39m: [35mPUT /cart/6803600aa8dd73b682b1de05[39m
2025-04-19 15:39:08:398 [35mhttp[39m: [35mGET /cart[39m
2025-04-19 15:39:08:398 [35mhttp[39m: [35mPUT /cart/6803600aa8dd73b682b1de05[39m
2025-04-19 15:39:09:399 [35mhttp[39m: [35mGET /cart[39m
2025-04-19 15:39:09:399 [35mhttp[39m: [35mPUT /cart/6803600aa8dd73b682b1de05[39m
2025-04-19 15:39:09:399 [35mhttp[39m: [35mGET /cart[39m
2025-04-19 15:39:10:3910 [35mhttp[39m: [35mDELETE /cart/68035fbaa8dd73b682b1dda4[39m
2025-04-19 15:39:11:3911 [35mhttp[39m: [35mDELETE /cart/6803600aa8dd73b682b1de05[39m
2025-04-19 15:39:13:3913 [35mhttp[39m: [35mGET /category[39m
2025-04-19 15:39:13:3913 [35mhttp[39m: [35mGET /product[39m
2025-04-19 15:39:13:3913 [35mhttp[39m: [35mGET /category[39m
2025-04-19 15:39:13:3913 [35mhttp[39m: [35mGET /product[39m
2025-04-19 15:39:13:3913 [35mhttp[39m: [35mGET /product[39m
2025-04-19 15:39:13:3913 [35mhttp[39m: [35mGET /product[39m
2025-04-19 15:39:28:3928 [35mhttp[39m: [35mGET /cart[39m
2025-04-19 15:39:28:3928 [35mhttp[39m: [35mGET /cart[39m
2025-04-19 15:39:31:3931 [35mhttp[39m: [35mGET /product[39m
2025-04-19 15:39:31:3931 [35mhttp[39m: [35mGET /product[39m
2025-04-19 15:39:32:3932 [35mhttp[39m: [35mGET /product/680085597b9dd5453855089f[39m
2025-04-19 15:39:32:3932 [35mhttp[39m: [35mGET /cart[39m
2025-04-19 15:39:32:3932 [35mhttp[39m: [35mGET /product/680085597b9dd5453855089f[39m
2025-04-19 15:39:32:3932 [35mhttp[39m: [35mGET /cart[39m
2025-04-19 15:39:38:3938 [35mhttp[39m: [35mPOST /cart[39m
2025-04-19 15:39:39:3939 [35mhttp[39m: [35mGET /cart[39m
2025-04-19 15:39:44:3944 [35mhttp[39m: [35mGET /cart[39m
2025-04-19 15:39:44:3944 [35mhttp[39m: [35mGET /cart[39m
2025-04-19 15:40:38:4038 [35mhttp[39m: [35mGET /cart[39m
2025-04-19 15:40:50:4050 [35mhttp[39m: [35mGET /cart[39m
2025-04-19 15:42:39:4239 [35mhttp[39m: [35mGET /cart[39m
2025-04-19 15:42:39:4239 [35mhttp[39m: [35mGET /cart[39m
2025-04-19 15:44:00:440 [35mhttp[39m: [35mGET /cart[39m
2025-04-19 15:47:36:4736 [32minfo[39m: [32mBackend Nodejs App listening on port 8080[39m
2025-04-19 15:49:10:4910 [35mhttp[39m: [35mGET /cart[39m
2025-04-19 15:49:25:4925 [32minfo[39m: [32mBackend Nodejs App listening on port 8080[39m
2025-04-19 15:49:30:4930 [32minfo[39m: [32mBackend Nodejs App listening on port 8080[39m
2025-04-19 15:49:42:4942 [32minfo[39m: [32mBackend Nodejs App listening on port 8080[39m
2025-04-19 15:49:53:4953 [32minfo[39m: [32mBackend Nodejs App listening on port 8080[39m
2025-04-19 15:49:57:4957 [32minfo[39m: [32mBackend Nodejs App listening on port 8080[39m
2025-04-19 15:50:02:502 [32minfo[39m: [32mBackend Nodejs App listening on port 8080[39m
2025-04-19 15:50:05:505 [32minfo[39m: [32mBackend Nodejs App listening on port 8080[39m
2025-04-19 15:50:11:5011 [32minfo[39m: [32mBackend Nodejs App listening on port 8080[39m
2025-04-19 15:50:12:5012 [32minfo[39m: [32mBackend Nodejs App listening on port 8080[39m
2025-04-19 15:50:15:5015 [32minfo[39m: [32mBackend Nodejs App listening on port 8080[39m
2025-04-19 15:50:17:5017 [32minfo[39m: [32mBackend Nodejs App listening on port 8080[39m
2025-04-19 15:50:20:5020 [32minfo[39m: [32mBackend Nodejs App listening on port 8080[39m
2025-04-19 15:50:40:5040 [32minfo[39m: [32mBackend Nodejs App listening on port 8080[39m
2025-04-19 15:50:46:5046 [32minfo[39m: [32mBackend Nodejs App listening on port 8080[39m
2025-04-19 15:50:49:5049 [32minfo[39m: [32mBackend Nodejs App listening on port 8080[39m
2025-04-19 15:50:51:5051 [32minfo[39m: [32mBackend Nodejs App listening on port 8080[39m
2025-04-19 16:02:26:226 [32minfo[39m: [32mBackend Nodejs App listening on port 8080[39m
2025-04-19 16:02:31:231 [32minfo[39m: [32mBackend Nodejs App listening on port 8080[39m
2025-04-19 16:02:39:239 [35mhttp[39m: [35mGET /product[39m
2025-04-19 16:02:42:242 [35mhttp[39m: [35mGET /cart[39m
2025-04-19 16:02:42:242 [35mhttp[39m: [35mGET /cart[39m
2025-04-19 16:02:53:253 [35mhttp[39m: [35mGET /product[39m
2025-04-19 16:02:53:253 [35mhttp[39m: [35mGET /product[39m
2025-04-19 16:02:54:254 [35mhttp[39m: [35mGET /product/6800855b7b9dd545385508a6[39m
2025-04-19 16:02:54:254 [35mhttp[39m: [35mGET /cart[39m
2025-04-19 16:02:54:254 [35mhttp[39m: [35mGET /product/6800855b7b9dd545385508a6[39m
2025-04-19 16:02:54:254 [35mhttp[39m: [35mGET /cart[39m
2025-04-19 16:02:56:256 [35mhttp[39m: [35mGET /cart[39m
2025-04-19 16:02:56:256 [35mhttp[39m: [35mGET /cart[39m
2025-04-19 16:03:08:38 [35mhttp[39m: [35mGET /cart[39m
2025-04-19 16:03:29:329 [35mhttp[39m: [35mGET /cart[39m
2025-04-19 16:04:04:44 [35mhttp[39m: [35mGET /cart[39m
2025-04-19 16:04:08:48 [35mhttp[39m: [35mGET /cart[39m
2025-04-19 16:04:13:413 [35mhttp[39m: [35mPOST /api/payment/create[39m
2025-04-19 16:05:06:56 [35mhttp[39m: [35mGET /cart[39m
2025-04-19 16:05:08:58 [35mhttp[39m: [35mGET /cart[39m
2025-04-19 16:05:09:59 [35mhttp[39m: [35mPOST /api/payment/create[39m
2025-04-19 16:05:19:519 [35mhttp[39m: [35mGET /cart[39m
2025-04-19 16:05:21:521 [35mhttp[39m: [35mPOST /api/payment/create[39m
2025-04-19 16:06:06:66 [35mhttp[39m: [35mGET /cart[39m
2025-04-19 16:06:06:66 [35mhttp[39m: [35mGET /cart[39m
2025-04-19 16:06:07:67 [35mhttp[39m: [35mGET /cart[39m
2025-04-19 16:06:10:610 [35mhttp[39m: [35mPOST /api/payment/create[39m
2025-04-19 16:06:10:610 [35mhttp[39m: [35mGET /api/payment/checkout?orderId=1745053570091&amount=200000[39m
2025-04-19 16:06:57:657 [35mhttp[39m: [35mGET /api/payment/checkout?orderId=1745053570091&amount=200000[39m
2025-04-19 16:08:33:833 [35mhttp[39m: [35mGET /cart[39m
2025-04-19 16:08:35:835 [35mhttp[39m: [35mPOST /api/payment/create[39m
2025-04-19 16:08:35:835 [35mhttp[39m: [35mGET /api/payment/checkout?orderId=1745053715664&amount=200000[39m
2025-04-19 16:08:39:839 [35mhttp[39m: [35mGET /cart[39m
2025-04-19 16:08:49:849 [35mhttp[39m: [35mGET /cart[39m
2025-04-19 16:09:24:924 [32minfo[39m: [32mBackend Nodejs App listening on port 8080[39m
2025-04-19 16:12:03:123 [32minfo[39m: [32mBackend Nodejs App listening on port 8080[39m
2025-04-19 16:12:03:123 [35mhttp[39m: [35mGET /cart[39m
2025-04-19 16:12:05:125 [35mhttp[39m: [35mGET /cart[39m
2025-04-19 16:12:07:127 [35mhttp[39m: [35mGET /category[39m
2025-04-19 16:12:07:127 [35mhttp[39m: [35mGET /product[39m
2025-04-19 16:12:07:127 [35mhttp[39m: [35mGET /product[39m
2025-04-19 16:12:07:127 [35mhttp[39m: [35mGET /category[39m
2025-04-19 16:12:07:127 [35mhttp[39m: [35mGET /product[39m
2025-04-19 16:12:07:127 [35mhttp[39m: [35mGET /product[39m
2025-04-19 16:12:09:129 [32minfo[39m: [32mBackend Nodejs App listening on port 8080[39m
2025-04-19 16:12:11:1211 [35mhttp[39m: [35mGET /product/680085587b9dd54538550891[39m
2025-04-19 16:12:11:1211 [35mhttp[39m: [35mGET /cart[39m
2025-04-19 16:12:11:1211 [35mhttp[39m: [35mGET /product/680085587b9dd54538550891[39m
2025-04-19 16:12:11:1211 [35mhttp[39m: [35mGET /cart[39m
2025-04-19 16:12:14:1214 [35mhttp[39m: [35mPOST /cart[39m
2025-04-19 16:12:15:1215 [35mhttp[39m: [35mGET /cart[39m
2025-04-19 16:12:17:1217 [35mhttp[39m: [35mGET /cart[39m
2025-04-19 16:12:17:1217 [35mhttp[39m: [35mGET /cart[39m
2025-04-19 16:12:25:1225 [35mhttp[39m: [35mGET /product/680085587b9dd54538550891[39m
2025-04-19 16:12:25:1225 [35mhttp[39m: [35mGET /cart[39m
2025-04-19 16:12:25:1225 [35mhttp[39m: [35mGET /cart[39m
2025-04-19 16:12:25:1225 [35mhttp[39m: [35mGET /product/680085587b9dd54538550891[39m
2025-04-19 16:12:52:1252 [35mhttp[39m: [35mGET /cart[39m
2025-04-19 16:13:01:131 [35mhttp[39m: [35mGET /product[39m
2025-04-19 16:13:41:1341 [35mhttp[39m: [35mGET /cart[39m
2025-04-19 16:14:47:1447 [32minfo[39m: [32mBackend Nodejs App listening on port 8080[39m
2025-04-19 16:19:43:1943 [32minfo[39m: [32mBackend Nodejs App listening on port 8080[39m
2025-04-19 16:19:48:1948 [32minfo[39m: [32mBackend Nodejs App listening on port 8080[39m
2025-04-19 16:19:57:1957 [32minfo[39m: [32mBackend Nodejs App listening on port 8080[39m
2025-04-19 16:20:04:204 [32minfo[39m: [32mBackend Nodejs App listening on port 8080[39m
2025-04-19 16:32:59:3259 [32minfo[39m: [32mBackend Nodejs App listening on port 8080[39m
2025-04-19 16:33:01:331 [32minfo[39m: [32mBackend Nodejs App listening on port 8080[39m
